0 info it worked if it ends with ok
1 verbose cli [ 'C:\\Program Files\\nodejs\\node.exe',
1 verbose cli   'C:\\Users\\Xacheiree\\AppData\\Roaming\\npm\\node_modules\\npm\\bin\\npm-cli.js',
1 verbose cli   'start' ]
2 info using npm@4.1.2
3 info using node@v8.11.1
4 verbose run-script [ 'prestart', 'start', 'poststart' ]
5 info lifecycle katana@1.0.0~prestart: katana@1.0.0
6 silly lifecycle katana@1.0.0~prestart: no script for prestart, continuing
7 info lifecycle katana@1.0.0~start: katana@1.0.0
8 verbose lifecycle katana@1.0.0~start: unsafe-perm in lifecycle true
9 verbose lifecycle katana@1.0.0~start: PATH: C:\Users\Xacheiree\AppData\Roaming\npm\node_modules\npm\bin\node-gyp-bin;C:\Users\Xacheiree\Desktop\Projects\katana\node_modules\.bin;C:\Program Files (x86)\python\;C:\Program Files (x86)\python\Scripts;C:\ProgramData\Oracle\Java\javapath;C:\WINDOWS\system32;C:\WINDOWS;C:\WINDOWS\System32\Wbem;C:\WINDOWS\System32\WindowsPowerShell\v1.0\;C:\Program Files\ImageMagick-7.0.3-Q16;C:\Users\Xacheiree\AppData\Roaming\npm;C:\Program Files\nodejs\node_modules\npm\bin;C:\Program Files\dotnet\;C:\Program Files\Microsoft VS Code\bin;C:\Program Files\Git\cmd;C:\Program Files\nodejs\;C:\Users\Xacheiree\AppData\Local\Programs\Python\Python36-32\Scripts\;C:\Users\Xacheiree\AppData\Local\Programs\Python\Python36-32\;C:\Users\Xacheiree\AppData\Local\Microsoft\WindowsApps;C:\Program Files\Microsoft VS Code\bin;C:\Users\Xacheiree\AppData\Roaming\npm
10 verbose lifecycle katana@1.0.0~start: CWD: C:\Users\Xacheiree\Desktop\Projects\katana
11 silly lifecycle katana@1.0.0~start: Args: [ '/d /s /c', 'node main.js' ]
12 silly lifecycle katana@1.0.0~start: Returned: code: 1  signal: null
13 info lifecycle katana@1.0.0~start: Failed to exec start script
14 verbose stack Error: katana@1.0.0 start: `node main.js`
14 verbose stack Exit status 1
14 verbose stack     at EventEmitter.<anonymous> (C:\Users\Xacheiree\AppData\Roaming\npm\node_modules\npm\lib\utils\lifecycle.js:279:16)
14 verbose stack     at emitTwo (events.js:126:13)
14 verbose stack     at EventEmitter.emit (events.js:214:7)
14 verbose stack     at ChildProcess.<anonymous> (C:\Users\Xacheiree\AppData\Roaming\npm\node_modules\npm\lib\utils\spawn.js:40:14)
14 verbose stack     at emitTwo (events.js:126:13)
14 verbose stack     at ChildProcess.emit (events.js:214:7)
14 verbose stack     at maybeClose (internal/child_process.js:925:16)
14 verbose stack     at Process.ChildProcess._handle.onexit (internal/child_process.js:209:5)
15 verbose pkgid katana@1.0.0
16 verbose cwd C:\Users\Xacheiree\Desktop\Projects\katana
17 error Windows_NT 10.0.14393
18 error argv "C:\\Program Files\\nodejs\\node.exe" "C:\\Users\\Xacheiree\\AppData\\Roaming\\npm\\node_modules\\npm\\bin\\npm-cli.js" "start"
19 error node v8.11.1
20 error npm  v4.1.2
21 error code ELIFECYCLE
22 error katana@1.0.0 start: `node main.js`
22 error Exit status 1
23 error Failed at the katana@1.0.0 start script 'node main.js'.
23 error Make sure you have the latest version of node.js and npm installed.
23 error If you do, this is most likely a problem with the katana package,
23 error not with npm itself.
23 error Tell the author that this fails on your system:
23 error     node main.js
23 error You can get information on how to open an issue for this project with:
23 error     npm bugs katana
23 error Or if that isn't available, you can get their info via:
23 error     npm owner ls katana
23 error There is likely additional logging output above.
24 verbose exit [ 1, true ]
